proguard.cfg
-optimizationpasses 5
-dontusemixedcaseclassnames
-dontskipnonpubliclibraryclasses
-dontpreverify
-verbose
-optimizations !code/simplification/arithmetic,!field/*,!class/merging/*

-keep public class * extends android.app.Activity
-keep public class * extends android.app.Application
-keep public class * extends android.app.Service
-keep public class * extends android.content.BroadcastReceiver
-keep public class * extends android.content.ContentProvider
-keep public class * extends android.app.backup.BackupAgentHelper
-keep public class * extends android.preference.Preference
-keep public class com.android.vending.licensing.ILicensingService

-keepclasseswithmembernames class * {
    native <methods>;
}

-keepclasseswithmembernames class * {
    public <init>(android.content.Context, android.util.AttributeSet);
}

-keepclasseswithmembernames class * {
    public <init>(android.content.Context, android.util.AttributeSet, int);
}

-keepclassmembers enum * {
    public static **[] values();
    public static ** valueOf(java.lang.String);
}

-keep class * implements android.os.Parcelable {
  public static final android.os.Parcelable$Creator *;
  }
  -keep public class com.linkedcontact.ContactAPISdk5{
*;
}
-keep public class com.linkedcontact.ContactAPISdk4{
*;
}
-keep public class com.linkedcontact.ContactAPI{
*;
}
-keep public class com.linkedcontact.widget.CheckableRelativeLayout{
*;
}
-keep public class com.linkedcontact.widget.ListCheckBox{
*;
}
-keep public class com.linkedcontact.AcceptTask{
*;
}
-keep public class com.linkedcontact.ActionItem{
*;
}
-keep public class com.linkedcontact.CategoryTask{
*;
}
-keep public class com.linkedcontact.ChatGridAction{
*;
}
-keep public class com.linkedcontact.ContactActivity{
*;
}
-keep public class com.linkedcontact.ContactPicker{
*;
}
-keep public class com.linkedcontact.ContactAPI{
*;
}
-keep public class com.linkedcontact.ContainedGridView{
*;
}
-keep public class com.linkedcontact.CustomPopupWindow{
*;
}
-keep public class com.linkedcontact.DbAdapter{
*;
}
-keep public class com.linkedcontact.DeleteTask{
*;
}
-keep public class com.linkedcontact.Form1Activity{
*;
}
-keep public class com.linkedcontact.ImgUtil{
*;
}
-keep public class com.linkedcontact.LoginActivity{
*;
}
-keep public class com.linkedcontact.MyCardActivity{
*;
}
-keep public class com.linkedcontact.MyCardsListActivity{
*;
}
-keep public class com.linkedcontact.MyContactsListActivity{
*;
}
-keep public class com.linkedcontact.PhoneNumUtil{
*;
}
-keep public class com.linkedcontact.RecoverCardsActivity{
*;
}
-keep public class com.linkedcontact.RemoveTask{
*;
}
-keep public class com.linkedcontact.SendTask{
*;
}
-keep public class com.linkedcontact.SignupActivity{
*;
}
-keep public class com.linkedcontact.StringUtils{
*;
}
-keep public class com.linkedcontact.TitlePageActivity{
*;
}
-keep public class com.linkedcontact.UploadTask{
*;
}