proguard/seeds.txt
com.linkedcontact.SendTask
com.linkedcontact.SendTask: android.app.ProgressDialog mProgressDialog
com.linkedcontact.SendTask: java.util.Hashtable parameters
com.linkedcontact.SendTask: android.content.Context context
com.linkedcontact.SendTask: java.lang.String SEND_URL
com.linkedcontact.SendTask: java.lang.String receiver
com.linkedcontact.SendTask: java.lang.String user_id
com.linkedcontact.SendTask: java.lang.String server_id
com.linkedcontact.SendTask: SendTask(android.content.Context)
com.linkedcontact.SendTask: void doSend(java.lang.String,java.lang.String,int,long)
com.linkedcontact.SendTask: java.lang.String doInBackground(java.lang.String[])
com.linkedcontact.SendTask: void onPostExecute(java.lang.String)
com.linkedcontact.SendTask: void showUploadSuccess(java.lang.String)
com.linkedcontact.SendTask: java.lang.String send(java.lang.String,java.util.Hashtable)
com.linkedcontact.SendTask: void onPostExecute(java.lang.Object)
com.linkedcontact.SendTask: java.lang.Object doInBackground(java.lang.Object[])
com.linkedcontact.SignupActivity
com.linkedcontact.SignupActivity: java.lang.String SIGNUP_URL
com.linkedcontact.SignupActivity: android.widget.EditText mEmailText
com.linkedcontact.SignupActivity: android.widget.EditText mPasswordText
com.linkedcontact.SignupActivity: android.widget.EditText mUserNameText
com.linkedcontact.SignupActivity: android.widget.EditText mPhoneNumberText
com.linkedcontact.SignupActivity: android.widget.EditText mPasswordTextConfirm
com.linkedcontact.SignupActivity: java.util.Hashtable parameters
com.linkedcontact.SignupActivity: android.app.ProgressDialog mProgressDialog
com.linkedcontact.SignupActivity: boolean isConfirmedPhoneNumber
com.linkedcontact.SignupActivity: android.view.View$OnClickListener goListener
com.linkedcontact.SignupActivity: SignupActivity()
com.linkedcontact.SignupActivity: void onCreate(android.os.Bundle)
com.linkedcontact.SignupActivity: boolean isEmailValid(java.lang.String)
com.linkedcontact.SignupActivity: void showFinalAlert(java.lang.CharSequence)
com.linkedcontact.SignupActivity: void doSignUp(java.lang.String,java.lang.String,java.lang.String,java.lang.String)
com.linkedcontact.SignupActivity: void showUploadSuccess(java.lang.String)
com.linkedcontact.SignupActivity: android.widget.EditText access$0(com.linkedcontact.SignupActivity)
com.linkedcontact.SignupActivity: void access$1(com.linkedcontact.SignupActivity,java.lang.CharSequence)
com.linkedcontact.StringUtils
com.linkedcontact.StringUtils: StringUtils()
com.linkedcontact.StringUtils: java.lang.String removeReturnTrim(java.lang.String)