proguard/mapping.txt
com.linkedcontact.CategoryTask -> com.linkedcontact.CategoryTask:
    android.app.ProgressDialog mProgressDialog -> mProgressDialog
    java.util.Hashtable parameters -> parameters
    android.content.Context context -> context
    java.lang.String CATEGORY_URL -> CATEGORY_URL
    void doSend(java.lang.String,int,long) -> doSend
    java.lang.String doInBackground(java.lang.String[]) -> doInBackground
    void onPostExecute(java.lang.String) -> onPostExecute
    void showUploadSuccess(java.lang.String) -> showUploadSuccess
    java.lang.String send(java.lang.String,java.util.Hashtable) -> send
    void onPostExecute(java.lang.Object) -> onPostExecute
    java.lang.Object doInBackground(java.lang.Object[]) -> doInBackground
com.linkedcontact.ChatGridAction -> com.linkedcontact.ChatGridAction:
    android.view.View root -> root
    android.view.LayoutInflater inflater -> inflater
    android.content.Context context -> context
    int ANIM_GROW_FROM_LEFT -> ANIM_GROW_FROM_LEFT
    int ANIM_GROW_FROM_RIGHT -> ANIM_GROW_FROM_RIGHT
    int ANIM_GROW_FROM_CENTER -> ANIM_GROW_FROM_CENTER
    int ANIM_REFLECT -> ANIM_REFLECT
    int ANIM_AUTO -> ANIM_AUTO
    int displayX -> displayX
    int displayY -> displayY
    android.widget.GridView options -> options
    java.util.ArrayList actionLst -> actionLst
    com.linkedcontact.ChatGridAction$ChatGridAdapter actlist -> actlist
    java.lang.Integer viewheight -> viewheight
    java.lang.String mainTitle -> mainTitle
    android.widget.TextView mainTitleTV -> mainTitleTV
    java.lang.Boolean flingTag -> flingTag
    void setViewheight(java.lang.Integer) -> setViewheight
    android.view.View getRoot() -> getRoot
    void setMainTitle(java.lang.String) -> setMainTitle
    void setDisplayPosX(int) -> setDisplayPosX
    void setDisplayPosY(int) -> setDisplayPosY
    void addActionItem(com.linkedcontact.ActionItem) -> addActionItem
    void show() -> show
    void createActionList() -> createActionList
    java.util.ArrayList access$0(com.linkedcontact.ChatGridAction) -> access$0
    android.view.LayoutInflater access$1(com.linkedcontact.ChatGridAction) -> access$1
com.linkedcontact.ChatGridAction$ChatGridAdapter -> com.linkedcontact.i:
    float scale -> a
    int width -> b
    int height -> c
    com.linkedcontact.ChatGridAction this$0 -> d
    android.view.View getView(int,android.view.View,android.view.ViewGroup) -> getView
com.linkedcontact.ContactAPI -> com.linkedcontact.ContactAPI:
    com.linkedcontact.ContactAPI api -> api
    android.database.Cursor cur -> cur
    android.content.ContentResolver cr -> cr
    com.linkedcontact.ContactAPI getAPI() -> getAPI
    android.database.Cursor createCursor(java.lang.String) -> createCursor
    android.database.Cursor creategroupsCursor() -> creategroupsCursor
    android.content.ContentResolver getCr() -> getCr
    void setCr(android.content.ContentResolver) -> setCr
    java.lang.String[] getFrom() -> getFrom
    java.lang.String getPhoneColumnName() -> getPhoneColumnName
    java.lang.String getGroupIDColumnName() -> getGroupIDColumnName
    java.lang.String[] getgroupFrom() -> getgroupFrom
    java.lang.String[] getnumbersFromgroupID(java.lang.String) -> getnumbersFromgroupID
com.linkedcontact.ContactAPISdk4 -> com.linkedcontact.ContactAPISdk4:
    android.database.Cursor createCursor(java.lang.String) -> createCursor
    android.content.ContentResolver getCr() -> getCr
    void setCr(android.content.ContentResolver) -> setCr
    java.lang.String[] getFrom() -> getFrom
    java.lang.String getPhoneColumnName() -> getPhoneColumnName
    android.database.Cursor creategroupsCursor() -> creategroupsCursor
    java.lang.String getGroupIDColumnName() -> getGroupIDColumnName
    java.lang.String[] getgroupFrom() -> getgroupFrom
    java.lang.String[] getnumbersFromgroupID(java.lang.String) -> getnumbersFromgroupID